{"uuid":"fd529031-12fa-4d33-a658-4ac8687d9272","historyId":"fda83f6aaf6a4d043199f2dda3c89ff9","testCaseId":"d6c1a8e9c790c4e01acf7e643c6c060b","fullName":"src/test/resources/cainMarket/livingstons.feature:5","labels":[{"name":"tag","value":"FeatureStart"},{"name":"host","value":"ABHISEKs-Air"},{"name":"thread","value":"58310@ABHISEKs-Air.main(1)"},{"name":"feature","value":"weekly and all product count"},{"name":"story","value":"Livingstons Weekly Ads -"},{"name":"suite","value":"weekly and all product count"},{"name":"testClass","value":"Livingstons Weekly Ads -"},{"name":"framework","value":"cucumber4jvm"},{"name":"language","value":"java"},{"name":"gherkin_uri","value":"file:///Users/abhisekpatra/eclipse-workspace/RSA/src/test/resources/cainMarket/livingstons.feature"},{"name":"package","value":"src.test.resources.cainMarket.livingstons_feature.weekly and all product count"}],"links":[],"name":"Livingstons Weekly Ads -","status":"broken","statusDetails":{"known":false,"muted":false,"flaky":false,"message":"no such element: Unable to locate element: {\"method\":\"xpath\",\"selector\":\"//*[@id=\"root\"]/div/div[1]/div/div/div[2]/div/div[2]/div[2]/div/div[2]/div[2]/div\"}\n  (Session info: chrome=129.0.6668.70)\nFor documentation on this error, please visit: https://www.selenium.dev/documentation/webdriver/troubleshooting/errors#no-such-element-exception\nBuild info: version: '4.20.0', revision: '866c76ca80'\nSystem info: os.name: 'Mac OS X', os.arch: 'aarch64', os.version: '14.6.1', java.version: '22.0.2'\nDriver info: org.openqa.selenium.chrome.ChromeDriver\nCommand: [e84e4bac1531dd3417d5cec8c82d930d, findElement {using=xpath, value=//*[@id=\"root\"]/div/div[1]/div/div/div[2]/div/div[2]/div[2]/div/div[2]/div[2]/div}]\nCapabilities {acceptInsecureCerts: false, browserName: chrome, browserVersion: 129.0.6668.70, chrome: {chromedriverVersion: 128.0.6613.119 (6e439cfca4d..., userDataDir: /var/folders/jr/zbhf_8hn0lb...}, fedcm:accounts: true, goog:chromeOptions: {debuggerAddress: localhost:63269}, networkConnectionEnabled: false, pageLoadStrategy: normal, platformName: mac, proxy: Proxy(), se:cdp: ws://localhost:63269/devtoo..., se:cdpVersion: 129.0.6668.70, setWindowRect: true, strictFileInteractability: false, timeouts: {implicit: 0, pageLoad: 300000, script: 30000}, unhandledPromptBehavior: dismiss and notify, webauthn:extension:credBlob: true, webauthn:extension:largeBlob: true, webauthn:extension:minPinLength: true, webauthn:extension:prf: true, webauthn:virtualAuthenticators: true}\nSession ID: e84e4bac1531dd3417d5cec8c82d930d","trace":"org.openqa.selenium.NoSuchElementException: no such element: Unable to locate element: {\"method\":\"xpath\",\"selector\":\"//*[@id=\"root\"]/div/div[1]/div/div/div[2]/div/div[2]/div[2]/div/div[2]/div[2]/div\"}\n  (Session info: chrome=129.0.6668.70)\nFor documentation on this error, please visit: https://www.selenium.dev/documentation/webdriver/troubleshooting/errors#no-such-element-exception\nBuild info: version: '4.20.0', revision: '866c76ca80'\nSystem info: os.name: 'Mac OS X', os.arch: 'aarch64', os.version: '14.6.1', java.version: '22.0.2'\nDriver info: org.openqa.selenium.chrome.ChromeDriver\nCommand: [e84e4bac1531dd3417d5cec8c82d930d, findElement {using=xpath, value=//*[@id=\"root\"]/div/div[1]/div/div/div[2]/div/div[2]/div[2]/div/div[2]/div[2]/div}]\nCapabilities {acceptInsecureCerts: false, browserName: chrome, browserVersion: 129.0.6668.70, chrome: {chromedriverVersion: 128.0.6613.119 (6e439cfca4d..., userDataDir: /var/folders/jr/zbhf_8hn0lb...}, fedcm:accounts: true, goog:chromeOptions: {debuggerAddress: localhost:63269}, networkConnectionEnabled: false, pageLoadStrategy: normal, platformName: mac, proxy: Proxy(), se:cdp: ws://localhost:63269/devtoo..., se:cdpVersion: 129.0.6668.70, setWindowRect: true, strictFileInteractability: false, timeouts: {implicit: 0, pageLoad: 300000, script: 30000}, unhandledPromptBehavior: dismiss and notify, webauthn:extension:credBlob: true, webauthn:extension:largeBlob: true, webauthn:extension:minPinLength: true, webauthn:extension:prf: true, webauthn:virtualAuthenticators: true}\nSession ID: e84e4bac1531dd3417d5cec8c82d930d\n\tat java.base/jdk.internal.reflect.DirectConstructorHandleAccessor.newInstance(DirectConstructorHandleAccessor.java:62)\n\tat java.base/java.lang.reflect.Constructor.newInstanceWithCaller(Constructor.java:502)\n\tat java.base/java.lang.reflect.Constructor.newInstance(Constructor.java:486)\n\tat org.openqa.selenium.remote.ErrorCodec.decode(ErrorCodec.java:167)\n\tat org.openqa.selenium.remote.codec.w3c.W3CHttpResponseCodec.decode(W3CHttpResponseCodec.java:138)\n\tat org.openqa.selenium.remote.codec.w3c.W3CHttpResponseCodec.decode(W3CHttpResponseCodec.java:50)\n\tat org.openqa.selenium.remote.HttpCommandExecutor.execute(HttpCommandExecutor.java:190)\n\tat org.openqa.selenium.remote.service.DriverCommandExecutor.invokeExecute(DriverCommandExecutor.java:216)\n\tat org.openqa.selenium.remote.service.DriverCommandExecutor.execute(DriverCommandExecutor.java:174)\n\tat org.openqa.selenium.remote.RemoteWebDriver.execute(RemoteWebDriver.java:518)\n\tat org.openqa.selenium.remote.ElementLocation$ElementFinder$2.findElement(ElementLocation.java:165)\n\tat org.openqa.selenium.remote.ElementLocation.findElement(ElementLocation.java:59)\n\tat org.openqa.selenium.remote.RemoteWebDriver.findElement(RemoteWebDriver.java:355)\n\tat org.openqa.selenium.remote.RemoteWebDriver.findElement(RemoteWebDriver.java:349)\n\tat StepsDefinition.livingstonsStepDefinition.user_is_on_weekly_page_of_livingstons_location(livingstonsStepDefinition.java:24)\n\tat ✽.user is on weekly page of livingstons location(file:///Users/abhisekpatra/eclipse-workspace/RSA/src/test/resources/cainMarket/livingstons.feature:7)\n"},"stage":"finished","steps":[{"name":"Given user is on weekly page of livingstons location","status":"broken","statusDetails":{"known":false,"muted":false,"flaky":false,"message":"no such element: Unable to locate element: {\"method\":\"xpath\",\"selector\":\"//*[@id=\"root\"]/div/div[1]/div/div/div[2]/div/div[2]/div[2]/div/div[2]/div[2]/div\"}\n  (Session info: chrome=129.0.6668.70)\nFor documentation on this error, please visit: https://www.selenium.dev/documentation/webdriver/troubleshooting/errors#no-such-element-exception\nBuild info: version: '4.20.0', revision: '866c76ca80'\nSystem info: os.name: 'Mac OS X', os.arch: 'aarch64', os.version: '14.6.1', java.version: '22.0.2'\nDriver info: org.openqa.selenium.chrome.ChromeDriver\nCommand: [e84e4bac1531dd3417d5cec8c82d930d, findElement {using=xpath, value=//*[@id=\"root\"]/div/div[1]/div/div/div[2]/div/div[2]/div[2]/div/div[2]/div[2]/div}]\nCapabilities {acceptInsecureCerts: false, browserName: chrome, browserVersion: 129.0.6668.70, chrome: {chromedriverVersion: 128.0.6613.119 (6e439cfca4d..., userDataDir: /var/folders/jr/zbhf_8hn0lb...}, fedcm:accounts: true, goog:chromeOptions: {debuggerAddress: localhost:63269}, networkConnectionEnabled: false, pageLoadStrategy: normal, platformName: mac, proxy: Proxy(), se:cdp: ws://localhost:63269/devtoo..., se:cdpVersion: 129.0.6668.70, setWindowRect: true, strictFileInteractability: false, timeouts: {implicit: 0, pageLoad: 300000, script: 30000}, unhandledPromptBehavior: dismiss and notify, webauthn:extension:credBlob: true, webauthn:extension:largeBlob: true, webauthn:extension:minPinLength: true, webauthn:extension:prf: true, webauthn:virtualAuthenticators: true}\nSession ID: e84e4bac1531dd3417d5cec8c82d930d","trace":"org.openqa.selenium.NoSuchElementException: no such element: Unable to locate element: {\"method\":\"xpath\",\"selector\":\"//*[@id=\"root\"]/div/div[1]/div/div/div[2]/div/div[2]/div[2]/div/div[2]/div[2]/div\"}\n  (Session info: chrome=129.0.6668.70)\nFor documentation on this error, please visit: https://www.selenium.dev/documentation/webdriver/troubleshooting/errors#no-such-element-exception\nBuild info: version: '4.20.0', revision: '866c76ca80'\nSystem info: os.name: 'Mac OS X', os.arch: 'aarch64', os.version: '14.6.1', java.version: '22.0.2'\nDriver info: org.openqa.selenium.chrome.ChromeDriver\nCommand: [e84e4bac1531dd3417d5cec8c82d930d, findElement {using=xpath, value=//*[@id=\"root\"]/div/div[1]/div/div/div[2]/div/div[2]/div[2]/div/div[2]/div[2]/div}]\nCapabilities {acceptInsecureCerts: false, browserName: chrome, browserVersion: 129.0.6668.70, chrome: {chromedriverVersion: 128.0.6613.119 (6e439cfca4d..., userDataDir: /var/folders/jr/zbhf_8hn0lb...}, fedcm:accounts: true, goog:chromeOptions: {debuggerAddress: localhost:63269}, networkConnectionEnabled: false, pageLoadStrategy: normal, platformName: mac, proxy: Proxy(), se:cdp: ws://localhost:63269/devtoo..., se:cdpVersion: 129.0.6668.70, setWindowRect: true, strictFileInteractability: false, timeouts: {implicit: 0, pageLoad: 300000, script: 30000}, unhandledPromptBehavior: dismiss and notify, webauthn:extension:credBlob: true, webauthn:extension:largeBlob: true, webauthn:extension:minPinLength: true, webauthn:extension:prf: true, webauthn:virtualAuthenticators: true}\nSession ID: e84e4bac1531dd3417d5cec8c82d930d\n\tat java.base/jdk.internal.reflect.DirectConstructorHandleAccessor.newInstance(DirectConstructorHandleAccessor.java:62)\n\tat java.base/java.lang.reflect.Constructor.newInstanceWithCaller(Constructor.java:502)\n\tat java.base/java.lang.reflect.Constructor.newInstance(Constructor.java:486)\n\tat org.openqa.selenium.remote.ErrorCodec.decode(ErrorCodec.java:167)\n\tat org.openqa.selenium.remote.codec.w3c.W3CHttpResponseCodec.decode(W3CHttpResponseCodec.java:138)\n\tat org.openqa.selenium.remote.codec.w3c.W3CHttpResponseCodec.decode(W3CHttpResponseCodec.java:50)\n\tat org.openqa.selenium.remote.HttpCommandExecutor.execute(HttpCommandExecutor.java:190)\n\tat org.openqa.selenium.remote.service.DriverCommandExecutor.invokeExecute(DriverCommandExecutor.java:216)\n\tat org.openqa.selenium.remote.service.DriverCommandExecutor.execute(DriverCommandExecutor.java:174)\n\tat org.openqa.selenium.remote.RemoteWebDriver.execute(RemoteWebDriver.java:518)\n\tat org.openqa.selenium.remote.ElementLocation$ElementFinder$2.findElement(ElementLocation.java:165)\n\tat org.openqa.selenium.remote.ElementLocation.findElement(ElementLocation.java:59)\n\tat org.openqa.selenium.remote.RemoteWebDriver.findElement(RemoteWebDriver.java:355)\n\tat org.openqa.selenium.remote.RemoteWebDriver.findElement(RemoteWebDriver.java:349)\n\tat StepsDefinition.livingstonsStepDefinition.user_is_on_weekly_page_of_livingstons_location(livingstonsStepDefinition.java:24)\n\tat ✽.user is on weekly page of livingstons location(file:///Users/abhisekpatra/eclipse-workspace/RSA/src/test/resources/cainMarket/livingstons.feature:7)\n"},"stage":"finished","steps":[],"attachments":[],"parameters":[],"start":1727454251217,"stop":1727454256265},{"name":"Then I count the total number in livingstons","status":"skipped","statusDetails":{"known":false,"muted":false,"flaky":false},"stage":"finished","steps":[],"attachments":[],"parameters":[],"start":1727454256266,"stop":1727454256267}],"attachments":[],"parameters":[],"start":1727454251213,"stop":1727454256289}